Added Component: Designator=IC1(PCBComponent_1 - duplicate)
Add component. Clean all parameters for all variants
Added Pin To Net: NetName=SWITCH8 Pin=IC1-1
Added Pin To Net: NetName=SWITCH7 Pin=IC1-2
Added Pin To Net: NetName=SWITCH6 Pin=IC1-3
Added Pin To Net: NetName=SWITCH5 Pin=IC1-4
Added Pin To Net: NetName=+3.3V Pin=IC1-6
Added Pin To Net: NetName=FSMC_A0 Pin=IC1-10
Added Pin To Net: NetName=FSMC_A1 Pin=IC1-11
Added Pin To Net: NetName=FSMC_A2 Pin=IC1-12
Added Pin To Net: NetName=FSMC_A3 Pin=IC1-13
Added Pin To Net: NetName=FSMC_A4 Pin=IC1-14
Added Pin To Net: NetName=FSMC_A5 Pin=IC1-15
Added Pin To Net: NetName=DGND Pin=IC1-16
Added Pin To Net: NetName=+3.3V Pin=IC1-17
Added Pin To Net: NetName=NetC26_2 Pin=IC1-23
Added Pin To Net: NetName=NetC25_2 Pin=IC1-24
Added Pin To Net: NetName=NRST Pin=IC1-25
Added Pin To Net: NetName=IRQ Pin=IC1-26
Added Pin To Net: NetName=SYNC1 Pin=IC1-27
Added Pin To Net: NetName=SYNC0 Pin=IC1-29
Added Pin To Net: NetName=+3.3V Pin=IC1-30
Added Pin To Net: NetName=+3.3V Pin=IC1-32
Added Pin To Net: NetName=+3.3V Pin=IC1-33
Added Pin To Net: NetName=SWITCH4 Pin=IC1-34
Added Pin To Net: NetName=SWITCH3 Pin=IC1-35
Added Pin To Net: NetName=SWITCH2 Pin=IC1-36
Added Pin To Net: NetName=SWITCH1 Pin=IC1-37
Added Pin To Net: NetName=DGND Pin=IC1-38
Added Pin To Net: NetName=+3.3V Pin=IC1-39
Added Pin To Net: NetName=LED8 Pin=IC1-40
Added Pin To Net: NetName=LED7 Pin=IC1-41
Added Pin To Net: NetName=LED6 Pin=IC1-42
Added Pin To Net: NetName=LED5 Pin=IC1-43
Added Pin To Net: NetName=LED4 Pin=IC1-44
Added Pin To Net: NetName=LED3 Pin=IC1-45
Added Pin To Net: NetName=LED2 Pin=IC1-46
Added Pin To Net: NetName=LED1 Pin=IC1-47
Added Pin To Net: NetName=NetIC1_48 Pin=IC1-48
Added Pin To Net: NetName=FSMC_A6 Pin=IC1-50
Added Pin To Net: NetName=DGND Pin=IC1-51
Added Pin To Net: NetName=+3.3V Pin=IC1-52
Added Pin To Net: NetName=FSMC_A7 Pin=IC1-53
Added Pin To Net: NetName=FSMC_A8 Pin=IC1-54
Added Pin To Net: NetName=FSMC_A09 Pin=IC1-55
Added Pin To Net: NetName=FSMC_A10 Pin=IC1-56
Added Pin To Net: NetName=FSMC_A11 Pin=IC1-57
Added Pin To Net: NetName=D4 Pin=IC1-58
Added Pin To Net: NetName=D5 Pin=IC1-59
Added Pin To Net: NetName=D6 Pin=IC1-60
Added Pin To Net: NetName=DGND Pin=IC1-61
Added Pin To Net: NetName=+3.3V Pin=IC1-62
Added Pin To Net: NetName=D7 Pin=IC1-63
Added Pin To Net: NetName=D8 Pin=IC1-64
Added Pin To Net: NetName=D9 Pin=IC1-65
Added Pin To Net: NetName=D10 Pin=IC1-66
Added Pin To Net: NetName=D11 Pin=IC1-67
Added Pin To Net: NetName=D12 Pin=IC1-68
Added Pin To Net: NetName=NetC16_2 Pin=IC1-71
Added Pin To Net: NetName=+3.3V Pin=IC1-72
Added Pin To Net: NetName=NetIC1_73 Pin=IC1-73
Added Pin To Net: NetName=NetIC1_74 Pin=IC1-74
Added Pin To Net: NetName=NetIC1_75 Pin=IC1-75
Added Pin To Net: NetName=NetIC1_76 Pin=IC1-76
Added Pin To Net: NetName=D13 Pin=IC1-77
Added Pin To Net: NetName=D14 Pin=IC1-78
Added Pin To Net: NetName=D15 Pin=IC1-79
Added Pin To Net: NetName=DGND Pin=IC1-83
Added Pin To Net: NetName=+3.3V Pin=IC1-84
Added Pin To Net: NetName=D0 Pin=IC1-85
Added Pin To Net: NetName=D1 Pin=IC1-86
Added Pin To Net: NetName=FSMC_A12 Pin=IC1-87
Added Pin To Net: NetName=DGND Pin=IC1-94
Added Pin To Net: NetName=+3.3V Pin=IC1-95
Added Pin To Net: NetName=SWDIO Pin=IC1-105
Added Pin To Net: NetName=NetC15_2 Pin=IC1-106
Added Pin To Net: NetName=DGND Pin=IC1-107
Added Pin To Net: NetName=+3.3V Pin=IC1-108
Added Pin To Net: NetName=SWCLK Pin=IC1-109
Added Pin To Net: NetName=D2 Pin=IC1-114
Added Pin To Net: NetName=D3 Pin=IC1-115
Added Pin To Net: NetName=FSMC_NOE Pin=IC1-118
Added Pin To Net: NetName=FSMC_NWE Pin=IC1-119
Added Pin To Net: NetName=DGND Pin=IC1-120
Added Pin To Net: NetName=+3.3V Pin=IC1-121
Added Pin To Net: NetName=FSMC_NE4 Pin=IC1-127
Added Pin To Net: NetName=DGND Pin=IC1-130
Added Pin To Net: NetName=+3.3V Pin=IC1-131
Added Pin To Net: NetName=NetIC1_138 Pin=IC1-138
Added Pin To Net: NetName=+3.3V Pin=IC1-143
Added Pin To Net: NetName=+3.3V Pin=IC1-144
Added Member To Class: ClassName=buoi121 Member=Component IC1 STM32F407ZGT6
